<?xml version="1.0" encoding="UTF-8"?>
<!-- Generated by org.testng.reporters.JUnitReportReporter -->
<testsuite hostname="customer-187-217-219-195.uninet-ide.com.mx" name="Selenium.HomePage" tests="3" failures="0" timestamp="29 Nov 2017 00:44:44 GMT" time="16.607" errors="0">
  <testcase name="Login" time="6.091" classname="Selenium.HomePage"/>
  <testcase name="Login" time="9.081" classname="Selenium.HomePage"/>
  <testcase name="openProfile" time="1.435" classname="Selenium.HomePage"/>
</testsuite> <!-- Selenium.HomePage -->
