<?xml version="1.0" encoding="UTF-8"?>
<!-- Generated by org.testng.reporters.JUnitReportReporter -->
<testsuite hostname="customer-187-217-219-195.uninet-ide.com.mx" name="Selenium.LoginTest" tests="1" failures="0" timestamp="11 Dec 2017 18:00:32 GMT" time="7.305" errors="0">
  <testcase name="Login" time="7.305" classname="Selenium.LoginTest"/>
</testsuite> <!-- Selenium.LoginTest -->
