<?xml version="1.0" encoding="UTF-8"?>
<!-- Generated by org.testng.reporters.JUnitReportReporter -->
<testsuite hostname="customer-187-217-219-195.uninet-ide.com.mx" name="Selenium.HomePageTest" tests="2" failures="0" timestamp="11 Dec 2017 18:55:37 GMT" time="7.536" errors="0">
  <testcase name="openProfile" time="2.088" classname="Selenium.HomePageTest"/>
  <testcase name="Login" time="5.448" classname="Selenium.HomePageTest"/>
</testsuite> <!-- Selenium.HomePageTest -->
