<?xml version="1.0" encoding="UTF-8"?>
<!-- Generated by org.testng.reporters.JUnitReportReporter -->
<testsuite hostname="customer-187-217-219-195.uninet-ide.com.mx" name="Selenium.HomePageTest" tests="2" failures="0" timestamp="11 Dec 2017 22:46:27 GMT" time="13.719" errors="0">
  <testcase name="Login" time="11.801" classname="Selenium.HomePageTest"/>
  <testcase name="openProfile" time="1.918" classname="Selenium.HomePageTest"/>
</testsuite> <!-- Selenium.HomePageTest -->
