<?xml version="1.0" encoding="UTF-8"?>
<!-- Generated by org.testng.reporters.JUnitReportReporter -->
<testsuite hostname="customer-187-217-219-195.uninet-ide.com.mx" name="Selenium.LoginPageAssertionsTest" tests="1" failures="0" timestamp="11 Dec 2017 22:46:27 GMT" time="0.077" errors="0">
  <testcase name="ProfileAssertions" time="0.077" classname="Selenium.LoginPageAssertionsTest"/>
</testsuite> <!-- Selenium.LoginPageAssertionsTest -->
